<?xml version="1.0" encoding="UTF-8"?>
<testsuite xmlns:xsi="http://www.w3.org/2001/XMLSchema-instance" xsi:noNamespaceSchemaLocation="https://maven.apache.org/surefire/maven-surefire-plugin/xsd/surefire-test-report.xsd" version="3.0.2" name="com.laboratorio.CalificacionTest" time="0.047" tests="3" errors="0" skipped="0" failures="0">
  <properties>
[...]
</properties>
  <testcase name="testCalcularPromedio" classname="com.laboratorio.CalificacionTest" time="0.023"/>
  <testcase name="testEstaAprobadoLimiteInferior" classname="com.laboratorio.CalificacionTest" time="0.002"/>
  <testcase name="testEstaAprobado" classname="com.laboratorio.CalificacionTest" time="0.002"/>
</testsuite>